2014-12-05 01:48:49 Error: Fatal Error (1): Call to undefined method View::link() in [/opt/lampp/htdocs/nuitinfo2014/app/View/Themed/Cakestrap/Elements/menu/nav_bar.ctp, line 8]
2014-12-05 01:48:49 Error: [FatalErrorException] Call to undefined method View::link()
Request URL: /nuitinfo2014/typecrises
Stack Trace:
#0 /opt/lampp/htdocs/nuitinfo2014/lib/Cake/Error/ErrorHandler.php(203): ErrorHandler::handleFatalError(1, 'Call to undefin...', '/opt/lampp/htdo...', 8)
#1 [internal function]: ErrorHandler::handleError(1, 'Call to undefin...', '/opt/lampp/htdo...', 8, Array)
#2 /opt/lampp/htdocs/nuitinfo2014/lib/Cake/Core/App.php(931): call_user_func('ErrorHandler::h...', 1, 'Call to undefin...', '/opt/lampp/htdo...', 8, Array)
#3 /opt/lampp/htdocs/nuitinfo2014/lib/Cake/Core/App.php(904): App::_checkFatalError()
#4 [internal function]: App::shutdown()
#5 {main}
2014-12-05 01:51:27 Error: [MissingControllerException] Controller class Index.htmlController could not be found.
Exception Attributes: array (
  'class' => 'Index.htmlController',
  'plugin' => NULL,
)
Request URL: /nuitinfo2014/index.html
Stack Trace:
#0 /opt/lampp/htdocs/nuitinfo2014/app/webroot/index.php(108): Dispatcher->dispatch(Object(CakeRequest), Object(CakeResponse))
#1 {main}
2014-12-05 01:52:18 Error: [MissingControllerException] Controller class Index.htmlController could not be found.
Exception Attributes: array (
  'class' => 'Index.htmlController',
  'plugin' => NULL,
)
Request URL: /nuitinfo2014/index.html
Stack Trace:
#0 /opt/lampp/htdocs/nuitinfo2014/app/webroot/index.php(108): Dispatcher->dispatch(Object(CakeRequest), Object(CakeResponse))
#1 {main}
2014-12-05 01:52:22 Error: [MissingControllerException] Controller class PageController could not be found.
Exception Attributes: array (
  'class' => 'PageController',
  'plugin' => NULL,
)
Request URL: /nuitinfo2014/page/view
Stack Trace:
#0 /opt/lampp/htdocs/nuitinfo2014/app/webroot/index.php(108): Dispatcher->dispatch(Object(CakeRequest), Object(CakeResponse))
#1 {main}
2014-12-05 01:53:21 Error: [MissingControllerException] Controller class PageController could not be found.
Exception Attributes: array (
  'class' => 'PageController',
  'plugin' => NULL,
)
Request URL: /nuitinfo2014/page/view
Stack Trace:
#0 /opt/lampp/htdocs/nuitinfo2014/app/webroot/index.php(108): Dispatcher->dispatch(Object(CakeRequest), Object(CakeResponse))
#1 {main}
2014-12-05 01:55:39 Error: [MissingControllerException] Controller class PageController could not be found.
Exception Attributes: array (
  'class' => 'PageController',
  'plugin' => NULL,
)
Request URL: /nuitinfo2014/page/view
Stack Trace:
#0 /opt/lampp/htdocs/nuitinfo2014/app/webroot/index.php(108): Dispatcher->dispatch(Object(CakeRequest), Object(CakeResponse))
#1 {main}
2014-12-05 01:55:41 Error: [MissingControllerException] Controller class PageController could not be found.
Exception Attributes: array (
  'class' => 'PageController',
  'plugin' => NULL,
)
Request URL: /nuitinfo2014/page/view
Stack Trace:
#0 /opt/lampp/htdocs/nuitinfo2014/app/webroot/index.php(108): Dispatcher->dispatch(Object(CakeRequest), Object(CakeResponse))
#1 {main}
2014-12-05 01:55:43 Error: [MissingControllerException] Controller class PageController could not be found.
Exception Attributes: array (
  'class' => 'PageController',
  'plugin' => NULL,
)
Request URL: /nuitinfo2014/page/view
Stack Trace:
#0 /opt/lampp/htdocs/nuitinfo2014/app/webroot/index.php(108): Dispatcher->dispatch(Object(CakeRequest), Object(CakeResponse))
#1 {main}
2014-12-05 01:55:43 Error: [MissingControllerException] Controller class PageController could not be found.
Exception Attributes: array (
  'class' => 'PageController',
  'plugin' => NULL,
)
Request URL: /nuitinfo2014/page/view
Stack Trace:
#0 /opt/lampp/htdocs/nuitinfo2014/app/webroot/index.php(108): Dispatcher->dispatch(Object(CakeRequest), Object(CakeResponse))
#1 {main}
2014-12-05 01:55:44 Error: [MissingControllerException] Controller class PageController could not be found.
Exception Attributes: array (
  'class' => 'PageController',
  'plugin' => NULL,
)
Request URL: /nuitinfo2014/page/view
Stack Trace:
#0 /opt/lampp/htdocs/nuitinfo2014/app/webroot/index.php(108): Dispatcher->dispatch(Object(CakeRequest), Object(CakeResponse))
#1 {main}
2014-12-05 01:55:44 Error: [MissingControllerException] Controller class PageController could not be found.
Exception Attributes: array (
  'class' => 'PageController',
  'plugin' => NULL,
)
Request URL: /nuitinfo2014/page/view
Stack Trace:
#0 /opt/lampp/htdocs/nuitinfo2014/app/webroot/index.php(108): Dispatcher->dispatch(Object(CakeRequest), Object(CakeResponse))
#1 {main}
2014-12-05 01:55:45 Error: [MissingControllerException] Controller class PageController could not be found.
Exception Attributes: array (
  'class' => 'PageController',
  'plugin' => NULL,
)
Request URL: /nuitinfo2014/page/view
Stack Trace:
#0 /opt/lampp/htdocs/nuitinfo2014/app/webroot/index.php(108): Dispatcher->dispatch(Object(CakeRequest), Object(CakeResponse))
#1 {main}
2014-12-05 01:55:47 Error: [MissingControllerException] Controller class PageController could not be found.
Exception Attributes: array (
  'class' => 'PageController',
  'plugin' => NULL,
)
Request URL: /nuitinfo2014/page/view
Stack Trace:
#0 /opt/lampp/htdocs/nuitinfo2014/app/webroot/index.php(108): Dispatcher->dispatch(Object(CakeRequest), Object(CakeResponse))
#1 {main}
2014-12-05 02:00:57 Error: [MissingControllerException] Controller class ActeurController could not be found.
Exception Attributes: array (
  'class' => 'ActeurController',
  'plugin' => NULL,
)
Request URL: /nuitinfo2014/acteur
Stack Trace:
#0 /opt/lampp/htdocs/nuitinfo2014/app/webroot/index.php(108): Dispatcher->dispatch(Object(CakeRequest), Object(CakeResponse))
#1 {main}
2014-12-05 02:07:38 Error: Fatal Error (4): syntax error, unexpected '"Login"' (T_CONSTANT_ENCAPSED_STRING) in [/opt/lampp/htdocs/nuitinfo2014/app/View/Themed/Cakestrap/Elements/menu/nav_bar.ctp, line 13]
2014-12-05 02:07:38 Error: [FatalErrorException] syntax error, unexpected '"Login"' (T_CONSTANT_ENCAPSED_STRING)
Request URL: /nuitinfo2014/acteurs/login
Stack Trace:
#0 /opt/lampp/htdocs/nuitinfo2014/lib/Cake/Error/ErrorHandler.php(203): ErrorHandler::handleFatalError(4, 'syntax error, u...', '/opt/lampp/htdo...', 13)
#1 [internal function]: ErrorHandler::handleError(4, 'syntax error, u...', '/opt/lampp/htdo...', 13, Array)
#2 /opt/lampp/htdocs/nuitinfo2014/lib/Cake/Core/App.php(931): call_user_func('ErrorHandler::h...', 4, 'syntax error, u...', '/opt/lampp/htdo...', 13, Array)
#3 /opt/lampp/htdocs/nuitinfo2014/lib/Cake/Core/App.php(904): App::_checkFatalError()
#4 [internal function]: App::shutdown()
#5 {main}
2014-12-05 02:10:01 Error: Fatal Error (4): syntax error, unexpected ',' in [/opt/lampp/htdocs/nuitinfo2014/app/View/Themed/Cakestrap/Elements/menu/nav_bar.ctp, line 15]
2014-12-05 02:10:01 Error: [FatalErrorException] syntax error, unexpected ','
Request URL: /nuitinfo2014/acteurs/login
Stack Trace:
#0 /opt/lampp/htdocs/nuitinfo2014/lib/Cake/Error/ErrorHandler.php(203): ErrorHandler::handleFatalError(4, 'syntax error, u...', '/opt/lampp/htdo...', 15)
#1 [internal function]: ErrorHandler::handleError(4, 'syntax error, u...', '/opt/lampp/htdo...', 15, Array)
#2 /opt/lampp/htdocs/nuitinfo2014/lib/Cake/Core/App.php(931): call_user_func('ErrorHandler::h...', 4, 'syntax error, u...', '/opt/lampp/htdo...', 15, Array)
#3 /opt/lampp/htdocs/nuitinfo2014/lib/Cake/Core/App.php(904): App::_checkFatalError()
#4 [internal function]: App::shutdown()
#5 {main}
2014-12-05 02:13:39 Error: Fatal Error (4): syntax error, unexpected 'echo' (T_ECHO) in [/opt/lampp/htdocs/nuitinfo2014/app/View/Themed/Cakestrap/Elements/menu/nav_bar.ctp, line 14]
2014-12-05 02:13:39 Error: [FatalErrorException] syntax error, unexpected 'echo' (T_ECHO)
Request URL: /nuitinfo2014/acteurs/login
Stack Trace:
#0 /opt/lampp/htdocs/nuitinfo2014/lib/Cake/Error/ErrorHandler.php(203): ErrorHandler::handleFatalError(4, 'syntax error, u...', '/opt/lampp/htdo...', 14)
#1 [internal function]: ErrorHandler::handleError(4, 'syntax error, u...', '/opt/lampp/htdo...', 14, Array)
#2 /opt/lampp/htdocs/nuitinfo2014/lib/Cake/Core/App.php(931): call_user_func('ErrorHandler::h...', 4, 'syntax error, u...', '/opt/lampp/htdo...', 14, Array)
#3 /opt/lampp/htdocs/nuitinfo2014/lib/Cake/Core/App.php(904): App::_checkFatalError()
#4 [internal function]: App::shutdown()
#5 {main}
2014-12-05 02:13:54 Error: Fatal Error (4): syntax error, unexpected 'echo' (T_ECHO) in [/opt/lampp/htdocs/nuitinfo2014/app/View/Themed/Cakestrap/Elements/menu/nav_bar.ctp, line 14]
2014-12-05 02:13:54 Error: [FatalErrorException] syntax error, unexpected 'echo' (T_ECHO)
Request URL: /nuitinfo2014/acteurs/login
Stack Trace:
#0 /opt/lampp/htdocs/nuitinfo2014/lib/Cake/Error/ErrorHandler.php(203): ErrorHandler::handleFatalError(4, 'syntax error, u...', '/opt/lampp/htdo...', 14)
#1 [internal function]: ErrorHandler::handleError(4, 'syntax error, u...', '/opt/lampp/htdo...', 14, Array)
#2 /opt/lampp/htdocs/nuitinfo2014/lib/Cake/Core/App.php(931): call_user_func('ErrorHandler::h...', 4, 'syntax error, u...', '/opt/lampp/htdo...', 14, Array)
#3 /opt/lampp/htdocs/nuitinfo2014/lib/Cake/Core/App.php(904): App::_checkFatalError()
#4 [internal function]: App::shutdown()
#5 {main}
2014-12-05 02:13:56 Error: Fatal Error (4): syntax error, unexpected 'echo' (T_ECHO) in [/opt/lampp/htdocs/nuitinfo2014/app/View/Themed/Cakestrap/Elements/menu/nav_bar.ctp, line 14]
2014-12-05 02:13:56 Error: [FatalErrorException] syntax error, unexpected 'echo' (T_ECHO)
Request URL: /nuitinfo2014/acteurs/login
Stack Trace:
#0 /opt/lampp/htdocs/nuitinfo2014/lib/Cake/Error/ErrorHandler.php(203): ErrorHandler::handleFatalError(4, 'syntax error, u...', '/opt/lampp/htdo...', 14)
#1 [internal function]: ErrorHandler::handleError(4, 'syntax error, u...', '/opt/lampp/htdo...', 14, Array)
#2 /opt/lampp/htdocs/nuitinfo2014/lib/Cake/Core/App.php(931): call_user_func('ErrorHandler::h...', 4, 'syntax error, u...', '/opt/lampp/htdo...', 14, Array)
#3 /opt/lampp/htdocs/nuitinfo2014/lib/Cake/Core/App.php(904): App::_checkFatalError()
#4 [internal function]: App::shutdown()
#5 {main}
2014-12-05 02:13:56 Error: Fatal Error (4): syntax error, unexpected 'echo' (T_ECHO) in [/opt/lampp/htdocs/nuitinfo2014/app/View/Themed/Cakestrap/Elements/menu/nav_bar.ctp, line 14]
2014-12-05 02:13:56 Error: [FatalErrorException] syntax error, unexpected 'echo' (T_ECHO)
Request URL: /nuitinfo2014/acteurs/login
Stack Trace:
#0 /opt/lampp/htdocs/nuitinfo2014/lib/Cake/Error/ErrorHandler.php(203): ErrorHandler::handleFatalError(4, 'syntax error, u...', '/opt/lampp/htdo...', 14)
#1 [internal function]: ErrorHandler::handleError(4, 'syntax error, u...', '/opt/lampp/htdo...', 14, Array)
#2 /opt/lampp/htdocs/nuitinfo2014/lib/Cake/Core/App.php(931): call_user_func('ErrorHandler::h...', 4, 'syntax error, u...', '/opt/lampp/htdo...', 14, Array)
#3 /opt/lampp/htdocs/nuitinfo2014/lib/Cake/Core/App.php(904): App::_checkFatalError()
#4 [internal function]: App::shutdown()
#5 {main}
2014-12-05 02:13:57 Error: Fatal Error (4): syntax error, unexpected 'echo' (T_ECHO) in [/opt/lampp/htdocs/nuitinfo2014/app/View/Themed/Cakestrap/Elements/menu/nav_bar.ctp, line 14]
2014-12-05 02:13:57 Error: [FatalErrorException] syntax error, unexpected 'echo' (T_ECHO)
Request URL: /nuitinfo2014/acteurs/login
Stack Trace:
#0 /opt/lampp/htdocs/nuitinfo2014/lib/Cake/Error/ErrorHandler.php(203): ErrorHandler::handleFatalError(4, 'syntax error, u...', '/opt/lampp/htdo...', 14)
#1 [internal function]: ErrorHandler::handleError(4, 'syntax error, u...', '/opt/lampp/htdo...', 14, Array)
#2 /opt/lampp/htdocs/nuitinfo2014/lib/Cake/Core/App.php(931): call_user_func('ErrorHandler::h...', 4, 'syntax error, u...', '/opt/lampp/htdo...', 14, Array)
#3 /opt/lampp/htdocs/nuitinfo2014/lib/Cake/Core/App.php(904): App::_checkFatalError()
#4 [internal function]: App::shutdown()
#5 {main}
2014-12-05 02:27:14 Error: [NotFoundException] Invalid crisis
Request URL: /nuitinfo2014/crises/edit
Stack Trace:
#0 [internal function]: CrisesController->edit()
#1 /opt/lampp/htdocs/nuitinfo2014/lib/Cake/Controller/Controller.php(490): ReflectionMethod->invokeArgs(Object(CrisesController), Array)
#2 /opt/lampp/htdocs/nuitinfo2014/lib/Cake/Routing/Dispatcher.php(191): Controller->invokeAction(Object(CakeRequest))
#3 /opt/lampp/htdocs/nuitinfo2014/lib/Cake/Routing/Dispatcher.php(165): Dispatcher->_invoke(Object(CrisesController), Object(CakeRequest))
#4 /opt/lampp/htdocs/nuitinfo2014/app/webroot/index.php(108): Dispatcher->dispatch(Object(CakeRequest), Object(CakeResponse))
#5 {main}
2014-12-05 02:28:15 Error: [NotFoundException] Invalid crisis
Request URL: /nuitinfo2014/crises/edit
Stack Trace:
#0 [internal function]: CrisesController->edit()
#1 /opt/lampp/htdocs/nuitinfo2014/lib/Cake/Controller/Controller.php(490): ReflectionMethod->invokeArgs(Object(CrisesController), Array)
#2 /opt/lampp/htdocs/nuitinfo2014/lib/Cake/Routing/Dispatcher.php(191): Controller->invokeAction(Object(CakeRequest))
#3 /opt/lampp/htdocs/nuitinfo2014/lib/Cake/Routing/Dispatcher.php(165): Dispatcher->_invoke(Object(CrisesController), Object(CakeRequest))
#4 /opt/lampp/htdocs/nuitinfo2014/app/webroot/index.php(108): Dispatcher->dispatch(Object(CakeRequest), Object(CakeResponse))
#5 {main}
2014-12-05 02:28:59 Error: [MissingControllerException] Controller class PageController could not be found.
Exception Attributes: array (
  'class' => 'PageController',
  'plugin' => NULL,
)
Request URL: /nuitinfo2014/page/view
Stack Trace:
#0 /opt/lampp/htdocs/nuitinfo2014/app/webroot/index.php(108): Dispatcher->dispatch(Object(CakeRequest), Object(CakeResponse))
#1 {main}
